p:\github\sudokucoach\x64\debug\vc142.pdb
p:\github\sudokucoach\x64\debug\vc142.idb
p:\github\sudokucoach\x64\debug\sudokunode.obj
p:\github\sudokucoach\x64\debug\main.obj
p:\github\sudokucoach\x64\debug\utility.obj
p:\github\sudokucoach\x64\debug\boardmap.obj
p:\github\sudokucoach\x64\debug\algorithmicsolver.obj
p:\github\sudokucoach\x64\debug\sudokulist.obj
p:\github\sudokucoach\x64\debug\recursivesolver.obj
p:\github\sudokucoach\x64\debug\sudokucoach.exe
p:\github\sudokucoach\x64\debug\sudokucoach.ilk
p:\github\sudokucoach\x64\debug\sudokucoach.pdb
p:\github\sudokucoach\x64\debug\algorithmicsolver.obj.enc
p:\github\sudokucoach\x64\debug\boardmap.new.obj.enc
p:\github\sudokucoach\x64\debug\sudokucoach.tlog\cl.command.1.tlog
p:\github\sudokucoach\x64\debug\sudokucoach.tlog\cl.read.1.tlog
p:\github\sudokucoach\x64\debug\sudokucoach.tlog\cl.write.1.tlog
p:\github\sudokucoach\x64\debug\sudokucoach.tlog\link.command.1.tlog
p:\github\sudokucoach\x64\debug\sudokucoach.tlog\link.read.1.tlog
p:\github\sudokucoach\x64\debug\sudokucoach.tlog\link.write.1.tlog
